# JRE version: OpenJDK Runtime Environment (11.0.8+10) (build 11.0.8+10-b944.6842174)
# Java VM: OpenJDK 64-Bit Server VM (11.0.8+10-b944.6842174, mixed mode, tiered, compressed oops, g1 gc, windows-amd64)
Heap:
 garbage-first heap   total 372736K, used 190179K [0x0000000080000000, 0x0000000100000000)
  region size 1024K, 2 young (2048K), 2 survivors (2048K)
 Metaspace       used 112090K, capacity 114756K, committed 118436K, reserved 1150976K
  class space    used 14030K, capacity 15027K, committed 16588K, reserved 1048576K
GC Heap History (20 events):
Event: 30.695 GC heap after
{Heap after GC invocations=24 (full 0):
 garbage-first heap   total 260096K, used 145785K [0x0000000080000000, 0x0000000100000000)
  region size 1024K, 10 young (10240K), 10 survivors (10240K)
 Metaspace       used 112667K, capacity 116550K, committed 116772K, reserved 1148928K
  class space    used 14701K, capacity 16351K, committed 16460K, reserved 1048576K
}
Event: 31.588 GC heap before
{Heap before GC invocations=25 (full 0):
 garbage-first heap   total 260096K, used 230777K [0x0000000080000000, 0x0000000100000000)
  region size 1024K, 69 young (70656K), 10 survivors (10240K)
 Metaspace       used 113000K, capacity 116544K, committed 117540K, reserved 1150976K
  class space    used 14581K, capacity 16097K, committed 16460K, reserved 1048576K
}
Event: 31.596 GC heap after
{Heap after GC invocations=26 (full 0):
 garbage-first heap   total 260096K, used 160336K [0x0000000080000000, 0x0000000100000000)
  region size 1024K, 5 young (5120K), 5 survivors (5120K)
 Metaspace       used 113000K, capacity 116544K, committed 117540K, reserved 1150976K
  class space    used 14581K, capacity 16097K, committed 16460K, reserved 1048576K
}
Event: 31.639 GC heap before
{Heap before GC invocations=26 (full 0):
 garbage-first heap   total 260096K, used 166480K [0x0000000080000000, 0x0000000100000000)
  region size 1024K, 12 young (12288K), 5 survivors (5120K)
 Metaspace       used 113076K, capacity 116647K, committed 117540K, reserved 1150976K
  class space    used 14586K, capacity 16131K, committed 16460K, reserved 1048576K
}
Event: 31.645 GC heap after
{Heap after GC invocations=27 (full 0):
 garbage-first heap   total 260096K, used 159744K [0x0000000080000000, 0x0000000100000000)
  region size 1024K, 2 young (2048K), 2 survivors (2048K)
 Metaspace       used 113076K, capacity 116647K, committed 117540K, reserved 1150976K
  class space    used 14586K, capacity 16131K, committed 16460K, reserved 1048576K
}
Event: 31.668 GC heap before
{Heap before GC invocations=27 (full 0):
 garbage-first heap   total 260096K, used 164864K [0x0000000080000000, 0x0000000100000000)
  region size 1024K, 8 young (8192K), 2 survivors (2048K)
 Metaspace       used 113076K, capacity 116647K, committed 117540K, reserved 1150976K
  class space    used 14586K, capacity 16131K, committed 16460K, reserved 1048576K
}
Event: 31.673 GC heap after
{Heap after GC invocations=28 (full 0):
 garbage-first heap   total 260096K, used 162900K [0x0000000080000000, 0x0000000100000000)
  region size 1024K, 6 young (6144K), 6 survivors (6144K)
 Metaspace       used 113076K, capacity 116647K, committed 117540K, reserved 1150976K
  class space    used 14586K, capacity 16131K, committed 16460K, reserved 1048576K
}
Event: 31.864 GC heap before
{Heap before GC invocations=29 (full 0):
 garbage-first heap   total 260096K, used 194644K [0x0000000080000000, 0x0000000100000000)
  region size 1024K, 37 young (37888K), 6 survivors (6144K)
 Metaspace       used 111789K, capacity 114545K, committed 118180K, reserved 1150976K
  class space    used 14058K, capacity 15080K, committed 16588K, reserved 1048576K
}
Event: 31.880 GC heap after
{Heap after GC invocations=30 (full 0):
 garbage-first heap   total 260096K, used 174396K [0x0000000080000000, 0x0000000100000000)
  region size 1024K, 5 young (5120K), 5 survivors (5120K)
 Metaspace       used 111789K, capacity 114545K, committed 118180K, reserved 1150976K
  class space    used 14058K, capacity 15080K, committed 16588K, reserved 1048576K
}
Event: 31.937 GC heap before
{Heap before GC invocations=30 (full 0):
 garbage-first heap   total 260096K, used 181564K [0x0000000080000000, 0x0000000100000000)
  region size 1024K, 12 young (12288K), 5 survivors (5120K)
 Metaspace       used 111967K, capacity 114682K, committed 118180K, reserved 1150976K
  class space    used 14058K, capacity 15080K, committed 16588K, reserved 1048576K
}
Event: 31.947 GC heap after
{Heap after GC invocations=31 (full 0):
 garbage-first heap   total 260096K, used 153902K [0x0000000080000000, 0x0000000100000000)
  region size 1024K, 2 young (2048K), 2 survivors (2048K)
 Metaspace       used 111967K, capacity 114682K, committed 118180K, reserved 1150976K
  class space    used 14058K, capacity 15080K, committed 16588K, reserved 1048576K
}
Event: 31.999 GC heap before
{Heap before GC invocations=31 (full 0):
 garbage-first heap   total 260096K, used 163118K [0x0000000080000000, 0x0000000100000000)
  region size 1024K, 12 young (12288K), 2 survivors (2048K)
 Metaspace       used 112000K, capacity 114684K, committed 118180K, reserved 1150976K
  class space    used 14058K, capacity 15080K, committed 16588K, reserved 1048576K
}
Event: 32.007 GC heap after
{Heap after GC invocations=32 (full 0):
 garbage-first heap   total 260096K, used 148449K [0x0000000080000000, 0x0000000100000000)
  region size 1024K, 2 young (2048K), 2 survivors (2048K)
 Metaspace       used 112000K, capacity 114684K, committed 118180K, reserved 1150976K
  class space    used 14058K, capacity 15080K, committed 16588K, reserved 1048576K
}
Event: 32.162 GC heap before
{Heap before GC invocations=32 (full 0):
 garbage-first heap   total 260096K, used 186337K [0x0000000080000000, 0x0000000100000000)
  region size 1024K, 40 young (40960K), 2 survivors (2048K)
 Metaspace       used 112015K, capacity 114748K, committed 118436K, reserved 1150976K
  class space    used 14058K, capacity 15080K, committed 16588K, reserved 1048576K
}
Event: 32.178 GC heap after
{Heap after GC invocations=33 (full 0):
 garbage-first heap   total 260096K, used 171008K [0x0000000080000000, 0x0000000100000000)
  region size 1024K, 5 young (5120K), 5 survivors (5120K)
 Metaspace       used 112015K, capacity 114748K, committed 118436K, reserved 1150976K
  class space    used 14058K, capacity 15080K, committed 16588K, reserved 1048576K
}
Event: 32.308 GC heap before
{Heap before GC invocations=33 (full 0):
 garbage-first heap   total 260096K, used 199680K [0x0000000080000000, 0x0000000100000000)
  region size 1024K, 31 young (31744K), 5 survivors (5120K)
 Metaspace       used 112089K, capacity 114818K, committed 118436K, reserved 1150976K
  class space    used 14058K, capacity 15080K, committed 16588K, reserved 1048576K
}
Event: 32.322 GC heap after
{Heap after GC invocations=34 (full 0):
 garbage-first heap   total 260096K, used 184576K [0x0000000080000000, 0x0000000100000000)
  region size 1024K, 4 young (4096K), 4 survivors (4096K)
 Metaspace       used 112089K, capacity 114818K, committed 118436K, reserved 1150976K
  class space    used 14058K, capacity 15080K, committed 16588K, reserved 1048576K
}
Event: 32.533 GC heap before
{Heap before GC invocations=35 (full 0):
 garbage-first heap   total 260096K, used 207104K [0x0000000080000000, 0x0000000100000000)
  region size 1024K, 25 young (25600K), 4 survivors (4096K)
 Metaspace       used 112087K, capacity 114756K, committed 118436K, reserved 1150976K
  class space    used 14030K, capacity 15027K, committed 16588K, reserved 1048576K
}
Event: 32.545 GC heap after
{Heap after GC invocations=36 (full 0):
 garbage-first heap   total 260096K, used 191724K [0x0000000080000000, 0x0000000100000000)
  region size 1024K, 4 young (4096K), 4 survivors (4096K)
 Metaspace       used 112087K, capacity 114756K, committed 118436K, reserved 1150976K
  class space    used 14030K, capacity 15027K, committed 16588K, reserved 1048576K
}
Event: 32.607 GC heap before
{Heap before GC invocations=36 (full 0):
 garbage-first heap   total 260096K, used 198892K [0x0000000080000000, 0x0000000100000000)
  region size 1024K, 12 young (12288K), 4 survivors (4096K)
 Metaspace       used 112090K, capacity 114756K, committed 118436K, reserved 1150976K
  class space    used 14030K, capacity 15027K, committed 16588K, reserved 1048576K
}

