# JRE version: OpenJDK Runtime Environment (11.0.8+10) (build 11.0.8+10-b944.6842174)
# Java VM: OpenJDK 64-Bit Server VM (11.0.8+10-b944.6842174, mixed mode, tiered, compressed oops, g1 gc, windows-amd64)
Heap:
 garbage-first heap   total 260096K, used 85229K [0x0000000080000000, 0x0000000100000000)
  region size 1024K, 27 young (27648K), 10 survivors (10240K)
 Metaspace       used 81193K, capacity 83340K, committed 83532K, reserved 1126400K
  class space    used 10359K, capacity 11088K, committed 11136K, reserved 1048576K
GC Heap History (20 events):
Event: 0.541 GC heap before
{Heap before GC invocations=0 (full 0):
 garbage-first heap   total 260096K, used 29696K [0x0000000080000000, 0x0000000100000000)
  region size 1024K, 24 young (24576K), 0 survivors (0K)
 Metaspace       used 10653K, capacity 10948K, committed 11264K, reserved 1058816K
  class space    used 1128K, capacity 1200K, committed 1280K, reserved 1048576K
}
Event: 0.545 GC heap after
{Heap after GC invocations=1 (full 0):
 garbage-first heap   total 260096K, used 8622K [0x0000000080000000, 0x0000000100000000)
  region size 1024K, 3 young (3072K), 3 survivors (3072K)
 Metaspace       used 10653K, capacity 10948K, committed 11264K, reserved 1058816K
  class space    used 1128K, capacity 1200K, committed 1280K, reserved 1048576K
}
Event: 2.471 GC heap before
{Heap before GC invocations=1 (full 0):
 garbage-first heap   total 260096K, used 93614K [0x0000000080000000, 0x0000000100000000)
  region size 1024K, 87 young (89088K), 3 survivors (3072K)
 Metaspace       used 20579K, capacity 21111K, committed 21248K, reserved 1067008K
  class space    used 2523K, capacity 2712K, committed 2816K, reserved 1048576K
}
Event: 2.478 GC heap after
{Heap after GC invocations=2 (full 0):
 garbage-first heap   total 260096K, used 16064K [0x0000000080000000, 0x0000000100000000)
  region size 1024K, 11 young (11264K), 11 survivors (11264K)
 Metaspace       used 20579K, capacity 21111K, committed 21248K, reserved 1067008K
  class space    used 2523K, capacity 2712K, committed 2816K, reserved 1048576K
}
Event: 2.957 GC heap before
{Heap before GC invocations=3 (full 0):
 garbage-first heap   total 260096K, used 72384K [0x0000000080000000, 0x0000000100000000)
  region size 1024K, 66 young (67584K), 11 survivors (11264K)
 Metaspace       used 26763K, capacity 27407K, committed 27648K, reserved 1073152K
  class space    used 3516K, capacity 3752K, committed 3840K, reserved 1048576K
}
Event: 2.963 GC heap after
{Heap after GC invocations=4 (full 0):
 garbage-first heap   total 260096K, used 18412K [0x0000000080000000, 0x0000000100000000)
  region size 1024K, 3 young (3072K), 3 survivors (3072K)
 Metaspace       used 26763K, capacity 27407K, committed 27648K, reserved 1073152K
  class space    used 3516K, capacity 3752K, committed 3840K, reserved 1048576K
}
Event: 3.453 GC heap before
{Heap before GC invocations=4 (full 0):
 garbage-first heap   total 260096K, used 60396K [0x0000000080000000, 0x0000000100000000)
  region size 1024K, 46 young (47104K), 3 survivors (3072K)
 Metaspace       used 35111K, capacity 35829K, committed 35840K, reserved 1081344K
  class space    used 4569K, capacity 4856K, committed 4864K, reserved 1048576K
}
Event: 3.460 GC heap after
{Heap after GC invocations=5 (full 0):
 garbage-first heap   total 260096K, used 21122K [0x0000000080000000, 0x0000000100000000)
  region size 1024K, 6 young (6144K), 6 survivors (6144K)
 Metaspace       used 35111K, capacity 35829K, committed 35840K, reserved 1081344K
  class space    used 4569K, capacity 4856K, committed 4864K, reserved 1048576K
}
Event: 4.556 GC heap before
{Heap before GC invocations=6 (full 0):
 garbage-first heap   total 260096K, used 132738K [0x0000000080000000, 0x0000000100000000)
  region size 1024K, 111 young (113664K), 6 survivors (6144K)
 Metaspace       used 44137K, capacity 45243K, committed 45568K, reserved 1089536K
  class space    used 5673K, capacity 6031K, committed 6144K, reserved 1048576K
}
Event: 4.564 GC heap after
{Heap after GC invocations=7 (full 0):
 garbage-first heap   total 260096K, used 26421K [0x0000000080000000, 0x0000000100000000)
  region size 1024K, 11 young (11264K), 11 survivors (11264K)
 Metaspace       used 44137K, capacity 45243K, committed 45568K, reserved 1089536K
  class space    used 5673K, capacity 6031K, committed 6144K, reserved 1048576K
}
Event: 6.547 GC heap before
{Heap before GC invocations=7 (full 0):
 garbage-first heap   total 260096K, used 169781K [0x0000000080000000, 0x0000000100000000)
  region size 1024K, 149 young (152576K), 11 survivors (11264K)
 Metaspace       used 58694K, capacity 60111K, committed 60160K, reserved 1101824K
  class space    used 7438K, capacity 7928K, committed 7936K, reserved 1048576K
}
Event: 6.583 GC heap after
{Heap after GC invocations=8 (full 0):
 garbage-first heap   total 260096K, used 42104K [0x0000000080000000, 0x0000000100000000)
  region size 1024K, 19 young (19456K), 19 survivors (19456K)
 Metaspace       used 58694K, capacity 60111K, committed 60160K, reserved 1101824K
  class space    used 7438K, capacity 7928K, committed 7936K, reserved 1048576K
}
Event: 8.137 GC heap before
{Heap before GC invocations=9 (full 0):
 garbage-first heap   total 260096K, used 178296K [0x0000000080000000, 0x0000000100000000)
  region size 1024K, 152 young (155648K), 19 survivors (19456K)
 Metaspace       used 67547K, capacity 69286K, committed 69324K, reserved 1110016K
  class space    used 8861K, capacity 9451K, committed 9472K, reserved 1048576K
}
Event: 8.152 GC heap after
{Heap after GC invocations=10 (full 0):
 garbage-first heap   total 260096K, used 52759K [0x0000000080000000, 0x0000000100000000)
  region size 1024K, 12 young (12288K), 12 survivors (12288K)
 Metaspace       used 67547K, capacity 69286K, committed 69324K, reserved 1110016K
  class space    used 8861K, capacity 9451K, committed 9472K, reserved 1048576K
}
Event: 9.525 GC heap before
{Heap before GC invocations=10 (full 0):
 garbage-first heap   total 260096K, used 186903K [0x0000000080000000, 0x0000000100000000)
  region size 1024K, 144 young (147456K), 12 survivors (12288K)
 Metaspace       used 76272K, capacity 78349K, committed 78540K, reserved 1118208K
  class space    used 9995K, capacity 10698K, committed 10752K, reserved 1048576K
}
Event: 9.541 GC heap after
{Heap after GC invocations=11 (full 0):
 garbage-first heap   total 260096K, used 61542K [0x0000000080000000, 0x0000000100000000)
  region size 1024K, 9 young (9216K), 9 survivors (9216K)
 Metaspace       used 76272K, capacity 78349K, committed 78540K, reserved 1118208K
  class space    used 9995K, capacity 10698K, committed 10752K, reserved 1048576K
}
Event: 10.624 GC heap before
{Heap before GC invocations=11 (full 0):
 garbage-first heap   total 260096K, used 194662K [0x0000000080000000, 0x0000000100000000)
  region size 1024K, 140 young (143360K), 9 survivors (9216K)
 Metaspace       used 77357K, capacity 79472K, committed 79692K, reserved 1118208K
  class space    used 10061K, capacity 10799K, committed 10880K, reserved 1048576K
}
Event: 10.634 GC heap after
{Heap after GC invocations=12 (full 0):
 garbage-first heap   total 260096K, used 68035K [0x0000000080000000, 0x0000000100000000)
  region size 1024K, 15 young (15360K), 15 survivors (15360K)
 Metaspace       used 77357K, capacity 79472K, committed 79692K, reserved 1118208K
  class space    used 10061K, capacity 10799K, committed 10880K, reserved 1048576K
}
Event: 11.968 GC heap before
{Heap before GC invocations=12 (full 0):
 garbage-first heap   total 260096K, used 201155K [0x0000000080000000, 0x0000000100000000)
  region size 1024K, 146 young (149504K), 15 survivors (15360K)
 Metaspace       used 79774K, capacity 81914K, committed 82252K, reserved 1120256K
  class space    used 10277K, capacity 11013K, committed 11136K, reserved 1048576K
}
Event: 11.977 GC heap after
{Heap after GC invocations=13 (full 0):
 garbage-first heap   total 260096K, used 69869K [0x0000000080000000, 0x0000000100000000)
  region size 1024K, 10 young (10240K), 10 survivors (10240K)
 Metaspace       used 79774K, capacity 81914K, committed 82252K, reserved 1120256K
  class space    used 10277K, capacity 11013K, committed 11136K, reserved 1048576K
}

